\BOOKMARK [0][-]{section*.1}{\376\377\000D\000a\000f\000t\000a\000r\000\040\000I\000s\000i}{}% 1
\BOOKMARK [0][-]{section*.2}{\376\377\000D\000a\000f\000t\000a\000r\000\040\000G\000a\000m\000b\000a\000r}{}% 2
\BOOKMARK [0][-]{section*.3}{\376\377\000D\000a\000f\000t\000a\000r\000\040\000T\000a\000b\000e\000l}{}% 3
\BOOKMARK [0][-]{chapter.1}{\376\377\000P\000e\000n\000d\000a\000h\000u\000l\000u\000a\000n}{}% 4
\BOOKMARK [1][-]{section.1.1}{\376\377\000L\000a\000t\000a\000r\000\040\000B\000e\000l\000a\000k\000a\000n\000g}{chapter.1}% 5
\BOOKMARK [1][-]{section.1.2}{\376\377\000R\000u\000m\000u\000s\000a\000n\000\040\000M\000a\000s\000a\000l\000a\000h}{chapter.1}% 6
\BOOKMARK [1][-]{section.1.3}{\376\377\000T\000u\000j\000u\000a\000n}{chapter.1}% 7
\BOOKMARK [1][-]{section.1.4}{\376\377\000B\000a\000t\000a\000s\000a\000n\000\040\000M\000a\000s\000a\000l\000a\000h}{chapter.1}% 8
\BOOKMARK [1][-]{section.1.5}{\376\377\000M\000e\000t\000o\000d\000o\000l\000o\000g\000i\000\040\000P\000e\000n\000e\000l\000i\000t\000i\000a\000n}{chapter.1}% 9
\BOOKMARK [1][-]{section.1.6}{\376\377\000S\000i\000s\000t\000e\000m\000a\000t\000i\000k\000a\000\040\000P\000e\000m\000b\000a\000h\000a\000s\000a\000n}{chapter.1}% 10
\BOOKMARK [0][-]{chapter.2}{\376\377\000D\000a\000s\000a\000r\000\040\000T\000e\000o\000r\000i}{}% 11
\BOOKMARK [1][-]{section.2.1}{\376\377\000D\000e\000c\000i\000s\000i\000o\000n\000\040\000S\000u\000p\000p\000o\000r\000t\000\040\000S\000y\000s\000t\000e\000m\000s}{chapter.2}% 12
\BOOKMARK [1][-]{section.2.2}{\376\377\000B\000u\000s\000i\000n\000e\000s\000s\000\040\000I\000n\000t\000e\000l\000l\000i\000g\000e\000n\000c\000e}{chapter.2}% 13
\BOOKMARK [2][-]{subsection.2.2.1}{\376\377\000A\000r\000s\000i\000t\000e\000k\000t\000u\000r\000\040\000b\000u\000s\000i\000n\000e\000s\000s\000\040\000i\000n\000t\000e\000l\000l\000i\000g\000e\000n\000c\000e}{section.2.2}% 14
\BOOKMARK [1][-]{section.2.3}{\376\377\000D\000a\000t\000a\000\040\000W\000a\000r\000e\000h\000o\000u\000s\000e}{chapter.2}% 15
\BOOKMARK [2][-]{subsection.2.3.1}{\376\377\000D\000e\000f\000i\000n\000i\000s\000i\000\040\000D\000a\000t\000a\000\040\000W\000a\000r\000e\000h\000o\000u\000s\000e}{section.2.3}% 16
\BOOKMARK [2][-]{subsection.2.3.2}{\376\377\000A\000r\000s\000i\000t\000e\000k\000t\000u\000r\000\040\000D\000a\000t\000a\000\040\000W\000a\000r\000e\000h\000o\000u\000s\000e}{section.2.3}% 17
\BOOKMARK [2][-]{subsection.2.3.3}{\376\377\000P\000r\000o\000s\000e\000s\000\040\000E\000T\000C\000L}{section.2.3}% 18
\BOOKMARK [2][-]{subsection.2.3.4}{\376\377\000S\000t\000r\000u\000k\000t\000u\000r\000\040\000D\000a\000t\000a\000\040\000W\000a\000r\000e\000h\000o\000u\000s\000e\000\040\000\040\000B\000e\000r\000d\000a\000s\000a\000r\000k\000a\000n\000\040\000K\000o\000n\000s\000e\000p\000\040\000D\000a\000t\000a\000\040\000M\000u\000l\000t\000i\000d\000i\000m\000e\000n\000s\000i}{section.2.3}% 19
\BOOKMARK [2][-]{subsection.2.3.5}{\376\377\000T\000e\000k\000n\000i\000k\000\040\000P\000e\000m\000o\000d\000e\000l\000a\000n\000\040\000D\000i\000m\000e\000n\000s\000i\000o\000n\000a\000l}{section.2.3}% 20
\BOOKMARK [2][-]{subsection.2.3.6}{\376\377\000H\000u\000b\000u\000n\000g\000a\000n\000\040\000O\000L\000A\000P\000,\000\040\000D\000a\000t\000a\000\040\000w\000a\000r\000e\000h\000o\000u\000s\000e\000,\000\040\000D\000S\000S\000,\000\040\000d\000e\000n\000g\000a\000n\000\040\000B\000u\000s\000i\000n\000e\000s\000s\000\040\000I\000n\000t\000e\000l\000l\000i\000g\000e\000n\000c\000e}{section.2.3}% 21
\BOOKMARK [1][-]{section.2.4}{\376\377\000M\000o\000d\000e\000l\000\040\000V\000i\000e\000w\000\040\000C\000o\000n\000t\000r\000o\000l\000l\000e\000r\000\050\000M\000V\000C\000\051}{chapter.2}% 22
\BOOKMARK [1][-]{section.2.5}{\376\377\000O\000b\000j\000e\000c\000t\000\040\000R\000e\000l\000a\000t\000i\000o\000n\000a\000l\000\040\000M\000a\000p\000p\000i\000n\000g\000\050\000O\000R\000M\000\051}{chapter.2}% 23
\BOOKMARK [1][-]{section.2.6}{\376\377\000F\000r\000a\000m\000e\000w\000o\000r\000k\000\040\000O\000D\000O\000O}{chapter.2}% 24
\BOOKMARK [2][-]{subsection.2.6.1}{\376\377\000A\000r\000s\000i\000t\000e\000k\000t\000u\000r\000\040\000O\000D\000O\000O}{section.2.6}% 25
\BOOKMARK [0][-]{chapter.3}{\376\377\000A\000n\000a\000l\000i\000s\000i\000s}{}% 26
\BOOKMARK [1][-]{section.3.1}{\376\377\000A\000n\000a\000l\000i\000s\000i\000s\000\040\000K\000e\000b\000u\000t\000u\000h\000a\000n\000\040\000d\000a\000n\000\040\000F\000i\000t\000u\000r\000\040\000P\000e\000r\000a\000n\000g\000k\000a\000t\000\040\000L\000u\000n\000a\000k}{chapter.3}% 27
\BOOKMARK [2][-]{subsection.3.1.1}{\376\377\000A\000n\000a\000l\000i\000s\000i\000s\000\040\000K\000e\000b\000u\000t\000u\000h\000a\000n}{section.3.1}% 28
\BOOKMARK [2][-]{subsection.3.1.2}{\376\377\000F\000i\000t\000u\000r\000\040\000P\000e\000r\000a\000n\000g\000k\000a\000t\000\040\000L\000u\000n\000a\000k}{section.3.1}% 29
\BOOKMARK [2][-]{subsection.3.1.3}{\376\377\000D\000i\000a\000g\000r\000a\000m\000\040\000A\000k\000t\000i\000f\000i\000t\000a\000s\000\040\000p\000a\000d\000a\000\040\000B\000I\000\040\000T\000o\000o\000l}{section.3.1}% 30
\BOOKMARK [1][-]{section.3.2}{\376\377\000P\000e\000r\000m\000o\000d\000e\000l\000a\000n\000\040\000T\000o\000o\000l}{chapter.3}% 31
\BOOKMARK [1][-]{section.3.3}{\376\377\000P\000e\000m\000o\000d\000e\000l\000a\000n\000\040\000B\000a\000s\000i\000s\000d\000a\000t\000a}{chapter.3}% 32
\BOOKMARK [2][-]{subsection.3.3.1}{\376\377\000P\000e\000r\000a\000n\000c\000a\000n\000g\000a\000n\000\040\000B\000a\000s\000i\000s\000d\000a\000t\000a}{section.3.3}% 33
\BOOKMARK [0][-]{chapter.4}{\376\377\000P\000e\000r\000a\000n\000c\000a\000n\000g\000a\000n}{}% 34
\BOOKMARK [1][-]{section.4.1}{\376\377\000P\000e\000r\000a\000n\000c\000a\000n\000g\000a\000n\000\040\000L\000o\000j\000i\000k\000\040\000B\000a\000s\000i\000s\000d\000a\000t\000a}{chapter.4}% 35
\BOOKMARK [1][-]{section.4.2}{\376\377\000P\000e\000r\000a\000n\000c\000a\000n\000g\000a\000n\000\040\000F\000i\000s\000i\000k\000\040\000B\000a\000s\000i\000s\000d\000a\000t\000a}{chapter.4}% 36
\BOOKMARK [1][-]{section.4.3}{\376\377\000D\000i\000a\000g\000r\000a\000m\000\040\000K\000e\000l\000a\000s}{chapter.4}% 37
\BOOKMARK [0][-]{chapter.5}{\376\377\000I\000m\000p\000l\000e\000m\000e\000n\000t\000a\000s\000i\000\040\000d\000a\000n\000\040\000P\000e\000n\000g\000u\000j\000i\000a\000n}{}% 38
\BOOKMARK [1][-]{section.5.1}{\376\377\000L\000i\000n\000g\000k\000u\000n\000g\000a\000n\000\040\000I\000m\000p\000l\000e\000m\000e\000n\000t\000a\000s\000i}{chapter.5}% 39
\BOOKMARK [2][-]{subsection.5.1.1}{\376\377\000L\000i\000n\000g\000k\000u\000n\000g\000a\000n\000\040\000P\000e\000r\000a\000n\000g\000k\000a\000t\000\040\000K\000e\000r\000a\000s}{section.5.1}% 40
\BOOKMARK [2][-]{subsection.5.1.2}{\376\377\000L\000i\000n\000g\000k\000u\000n\000g\000a\000n\000\040\000P\000e\000r\000a\000n\000g\000k\000a\000t\000\040\000L\000u\000n\000a\000k}{section.5.1}% 41
\BOOKMARK [1][-]{section.5.2}{\376\377\000I\000m\000p\000l\000e\000m\000e\000n\000t\000a\000s\000i\000\040\000T\000a\000b\000e\000l\000\040\000B\000a\000s\000i\000s\000d\000a\000t\000a}{chapter.5}% 42
\BOOKMARK [2][-]{subsection.5.2.1}{\376\377\000T\000a\000b\000e\000l\000\040\000B\000a\000s\000i\000s\000d\000a\000t\000a\000\040\000E\000T\000L\000\040\000d\000a\000n\000\040\000B\000i\000s\000n\000i\000s}{section.5.2}% 43
\BOOKMARK [1][-]{section.5.3}{\376\377\000I\000m\000p\000l\000e\000m\000e\000n\000t\000a\000s\000i\000\040\000K\000o\000d\000e\000\040\000P\000r\000o\000g\000r\000a\000m\000\040\000P\000h\000y\000t\000o\000n}{chapter.5}% 44
\BOOKMARK [1][-]{section.5.4}{\376\377\000I\000m\000p\000l\000e\000m\000e\000n\000t\000a\000s\000i\000\040\000A\000n\000t\000a\000r\000\040\000M\000u\000k\000a}{chapter.5}% 45
\BOOKMARK [2][-]{subsection.5.4.1}{\376\377\000I\000m\000p\000l\000e\000m\000e\000n\000t\000a\000s\000i\000\040\000A\000n\000t\000a\000r\000\040\000M\000u\000k\000a\000\040\000u\000n\000t\000u\000k\000\040\000B\000u\000s\000i\000n\000e\000s\000s}{section.5.4}% 46
\BOOKMARK [2][-]{subsection.5.4.2}{\376\377\000I\000m\000p\000l\000e\000m\000e\000n\000t\000a\000s\000i\000\040\000A\000n\000t\000a\000r\000\040\000M\000u\000k\000a\000\040\000u\000n\000t\000u\000k\000\040\000P\000r\000o\000s\000e\000s\000\040\000E\000T\000L}{section.5.4}% 47
\BOOKMARK [1][-]{section.5.5}{\376\377\000P\000e\000n\000g\000u\000j\000i\000a\000n}{chapter.5}% 48
\BOOKMARK [0][-]{chapter.6}{\376\377\000K\000e\000s\000i\000m\000p\000u\000l\000a\000n\000\040\000d\000a\000n\000\040\000S\000a\000r\000a\000n}{}% 49
\BOOKMARK [1][-]{section.6.1}{\376\377\000K\000e\000s\000i\000m\000p\000u\000l\000a\000n}{chapter.6}% 50
\BOOKMARK [1][-]{section.6.2}{\376\377\000S\000a\000r\000a\000n}{chapter.6}% 51
\BOOKMARK [0][-]{chapter*.37}{\376\377\000D\000a\000f\000t\000a\000r\000\040\000R\000e\000f\000e\000r\000e\000n\000s\000i}{}% 52
\BOOKMARK [0][-]{appendix.A}{\376\377\000T\000h\000e\000\040\000P\000r\000o\000g\000r\000a\000m}{}% 53
\BOOKMARK [0][-]{appendix.B}{\376\377\000T\000h\000e\000\040\000S\000o\000u\000r\000c\000e\000\040\000C\000o\000d\000e}{}% 54
\BOOKMARK [0][-]{appendix.C}{\376\377\000T\000h\000e\000\040\000S\000o\000u\000r\000c\000e\000\040\000C\000o\000d\000e}{}% 55
