This is pdfTeX, Version 3.1415926-2.5-1.40.14 (MiKTeX 2.9) (preloaded format=pdflatex 2015.2.6)  14 SEP 2016 12:23
entering extended mode
**main.tex
(C:\Users\Ariq\Documents\NetBeansProjects\Skripsi-Jadwal-Mengawas-Ujian\Tulisan\main.tex
LaTeX2e <2011/06/27>
Babel <v3.8m> and hyphenation patterns for english, afrikaans, ancientgreek, arabic, armenian, assamese, basque, bengali
, bokmal, bulgarian, catalan, coptic, croatian, czech, danish, dutch, esperanto, estonian, farsi, finnish, french, galic
ian, german, german-x-2013-05-26, greek, gujarati, hindi, hungarian, icelandic, indonesian, interlingua, irish, italian,
 kannada, kurmanji, latin, latvian, lithuanian, malayalam, marathi, mongolian, mongolianlmc, monogreek, ngerman, ngerman
-x-2013-05-26, nynorsk, oriya, panjabi, pinyin, polish, portuguese, romanian, russian, sanskrit, serbian, slovak, sloven
ian, spanish, swedish, swissgerman, tamil, telugu, turkish, turkmen, ukenglish, ukrainian, uppersorbian, usenglishmax, w
elsh, loaded.
("C:\Program Files (x86)\MiKTeX 2.9\tex\latex\base\report.cls"
Document Class: report 2007/10/19 v1.4h Standard LaTeX document class
("C:\Program Files (x86)\MiKTeX 2.9\tex\latex\base\size11.clo"
File: size11.clo 2007/10/19 v1.4h Standard LaTeX file (size option)
)
\c@part=\count79
\c@chapter=\count80
\c@section=\count81
\c@subsection=\count82
\c@subsubsection=\count83
\c@paragraph=\count84
\c@subparagraph=\count85
\c@figure=\count86
\c@table=\count87
\abovecaptionskip=\skip41
\belowcaptionskip=\skip42
\bibindent=\dimen102
)
("C:\Program Files (x86)\MiKTeX 2.9\tex\generic\babel\babel.sty"
Package: babel 2008/07/08 v3.8m The Babel package

*************************************
* Local config file bblopts.cfg used
*
("C:\Program Files (x86)\MiKTeX 2.9\tex\latex\00miktex\bblopts.cfg"
File: bblopts.cfg 2006/07/31 v1.0 MiKTeX 'babel' configuration
)
("C:\Program Files (x86)\MiKTeX 2.9\tex\generic\babel\bahasai.ldf"
Language: bahasa 2008/03/15 v1.0l Bahasa Indonesia support from the babel system

("C:\Program Files (x86)\MiKTeX 2.9\tex\generic\babel\babel.def"
File: babel.def 2008/07/08 v3.8m Babel common definitions
\babel@savecnt=\count88
\U@D=\dimen103
)))
("C:\Program Files (x86)\MiKTeX 2.9\tex\latex\base\fontenc.sty"
Package: fontenc 2005/09/27 v1.99g Standard LaTeX package

("C:\Program Files (x86)\MiKTeX 2.9\tex\latex\base\t1enc.def"
File: t1enc.def 2005/09/27 v1.99g Standard LaTeX file
LaTeX Font Info:    Redeclaring font encoding T1 on input line 43.
))
(C:\Users\Ariq\AppData\Roaming\MiKTeX\2.9\tex\latex\abstract\abstract.sty
Package: abstract 2009/06/08 v1.2a configurable abstracts
\abstitleskip=\skip43
\absleftindent=\skip44
\absrightindent=\skip45
\absparindent=\skip46
\absparsep=\skip47
)
(C:\Users\Ariq\AppData\Roaming\MiKTeX\2.9\tex\latex\chappg\chappg.sty
Package: chappg 2006/05/09 v2.1b page numbering by chapter number pages by chapter (or other unit)
)
("C:\Program Files (x86)\MiKTeX 2.9\tex\latex\graphics\color.sty"
Package: color 2005/11/14 v1.0j Standard LaTeX Color (DPC)

("C:\Program Files (x86)\MiKTeX 2.9\tex\latex\00miktex\color.cfg"
File: color.cfg 2007/01/18 v1.5 color configuration of teTeX/TeXLive
)
Package color Info: Driver file: pdftex.def on input line 130.

("C:\Program Files (x86)\MiKTeX 2.9\tex\latex\pdftex-def\pdftex.def"
File: pdftex.def 2011/05/27 v0.06d Graphics/color for pdfTeX

("C:\Program Files (x86)\MiKTeX 2.9\tex\generic\oberdiek\infwarerr.sty"
Package: infwarerr 2010/04/08 v1.3 Providing info/warning/error messages (HO)
)
("C:\Program Files (x86)\MiKTeX 2.9\tex\generic\oberdiek\ltxcmds.sty"
Package: ltxcmds 2011/11/09 v1.22 LaTeX kernel commands for general use (HO)
)
\Gread@gobject=\count89
))
(C:\Users\Ariq\AppData\Roaming\MiKTeX\2.9\tex\latex\etoolbox\etoolbox.sty
Package: etoolbox 2011/01/03 v2.1 e-TeX tools for LaTeX

("C:\Program Files (x86)\MiKTeX 2.9\tex\latex\misc\etex.sty"
Package: etex 1998/03/26 v2.0 eTeX basic definition package (PEB)
\et@xins=\count90
)
\etb@tempcnta=\count91
)
(C:\Users\Ariq\AppData\Roaming\MiKTeX\2.9\tex\latex\fancyhdr\fancyhdr.sty
\fancy@headwidth=\skip48
\f@ncyO@elh=\skip49
\f@ncyO@erh=\skip50
\f@ncyO@olh=\skip51
\f@ncyO@orh=\skip52
\f@ncyO@elf=\skip53
\f@ncyO@erf=\skip54
\f@ncyO@olf=\skip55
\f@ncyO@orf=\skip56
)
("C:\Program Files (x86)\MiKTeX 2.9\tex\latex\float\float.sty"
Package: float 2001/11/08 v1.3d Float enhancements (AL)
\c@float@type=\count92
\float@exts=\toks14
\float@box=\box26
\@float@everytoks=\toks15
\@floatcapt=\box27
)
("C:\Program Files (x86)\MiKTeX 2.9\tex\latex\geometry\geometry.sty"
Package: geometry 2010/09/12 v5.6 Page Geometry

("C:\Program Files (x86)\MiKTeX 2.9\tex\latex\graphics\keyval.sty"
Package: keyval 1999/03/16 v1.13 key=value parser (DPC)
\KV@toks@=\toks16
)
("C:\Program Files (x86)\MiKTeX 2.9\tex\generic\oberdiek\ifpdf.sty"
Package: ifpdf 2011/01/30 v2.3 Provides the ifpdf switch (HO)
Package ifpdf Info: pdfTeX in PDF mode is detected.
)
("C:\Program Files (x86)\MiKTeX 2.9\tex\generic\oberdiek\ifvtex.sty"
Package: ifvtex 2010/03/01 v1.5 Detect VTeX and its facilities (HO)
Package ifvtex Info: VTeX not detected.
)
("C:\Program Files (x86)\MiKTeX 2.9\tex\generic\ifxetex\ifxetex.sty"
Package: ifxetex 2010/09/12 v0.6 Provides ifxetex conditional
)
\Gm@cnth=\count93
\Gm@cntv=\count94
\c@Gm@tempcnt=\count95
\Gm@bindingoffset=\dimen104
\Gm@wd@mp=\dimen105
\Gm@odd@mp=\dimen106
\Gm@even@mp=\dimen107
\Gm@layoutwidth=\dimen108
\Gm@layoutheight=\dimen109
\Gm@layouthoffset=\dimen110
\Gm@layoutvoffset=\dimen111
\Gm@dimlist=\toks17

("C:\Program Files (x86)\MiKTeX 2.9\tex\latex\geometry\geometry.cfg"))
("C:\Program Files (x86)\MiKTeX 2.9\tex\latex\graphics\graphicx.sty"
Package: graphicx 1999/02/16 v1.0f Enhanced LaTeX Graphics (DPC,SPQR)

("C:\Program Files (x86)\MiKTeX 2.9\tex\latex\graphics\graphics.sty"
Package: graphics 2009/02/05 v1.0o Standard LaTeX Graphics (DPC,SPQR)

("C:\Program Files (x86)\MiKTeX 2.9\tex\latex\graphics\trig.sty"
Package: trig 1999/03/16 v1.09 sin cos tan (DPC)
)
("C:\Program Files (x86)\MiKTeX 2.9\tex\latex\00miktex\graphics.cfg"
File: graphics.cfg 2007/01/18 v1.5 graphics configuration of teTeX/TeXLive
)
Package graphics Info: Driver file: pdftex.def on input line 91.
)
\Gin@req@height=\dimen112
\Gin@req@width=\dimen113
)
(C:\Users\Ariq\AppData\Roaming\MiKTeX\2.9\tex\latex\listings\listings.sty
\lst@mode=\count96
\lst@gtempboxa=\box28
\lst@token=\toks18
\lst@length=\count97
\lst@currlwidth=\dimen114
\lst@column=\count98
\lst@pos=\count99
\lst@lostspace=\dimen115
\lst@width=\dimen116
\lst@newlines=\count100
\lst@lineno=\count101
\lst@maxwidth=\dimen117

(C:\Users\Ariq\AppData\Roaming\MiKTeX\2.9\tex\latex\listings\lstmisc.sty
File: lstmisc.sty 2014/09/06 1.5e (Carsten Heinz)
\c@lstnumber=\count102
\lst@skipnumbers=\count103
\lst@framebox=\box29
)
(C:\Users\Ariq\AppData\Roaming\MiKTeX\2.9\tex\latex\listings\listings.cfg
File: listings.cfg 2014/09/06 1.5e listings configuration
))
Package: listings 2014/09/06 1.5e (Carsten Heinz)

("C:\Program Files (x86)\MiKTeX 2.9\tex\latex\graphics\lscape.sty"
Package: lscape 2000/10/22 v3.01 Landscape Pages (DPC)
)
("C:\Program Files (x86)\MiKTeX 2.9\tex\latex\tools\multicol.sty"
Package: multicol 2011/06/27 v1.7a multicolumn formatting (FMi)
\c@tracingmulticols=\count104
\mult@box=\box30
\multicol@leftmargin=\dimen118
\c@unbalance=\count105
\c@collectmore=\count106
\doublecol@number=\count107
\multicoltolerance=\count108
\multicolpretolerance=\count109
\full@width=\dimen119
\page@free=\dimen120
\premulticols=\dimen121
\postmulticols=\dimen122
\multicolsep=\skip57
\multicolbaselineskip=\skip58
\partial@page=\box31
\last@line=\box32
\mult@rightbox=\box33
\mult@grightbox=\box34
\mult@gfirstbox=\box35
\mult@firstbox=\box36
\@tempa=\box37
\@tempa=\box38
\@tempa=\box39
\@tempa=\box40
\@tempa=\box41
\@tempa=\box42
\@tempa=\box43
\@tempa=\box44
\@tempa=\box45
\@tempa=\box46
\@tempa=\box47
\@tempa=\box48
\@tempa=\box49
\@tempa=\box50
\@tempa=\box51
\@tempa=\box52
\@tempa=\box53
\c@columnbadness=\count110
\c@finalcolumnbadness=\count111
\last@try=\dimen123
\multicolovershoot=\dimen124
\multicolundershoot=\dimen125
\mult@nat@firstbox=\box54
\colbreak@box=\box55
\multicol@sort@counter=\count112
)
("C:\Program Files (x86)\MiKTeX 2.9\tex\latex\base\ifthen.sty"
Package: ifthen 2001/05/26 v1.1c Standard LaTeX ifthen package (DPC)
)
(C:\Users\Ariq\AppData\Roaming\MiKTeX\2.9\tex\latex\lineno\lineno.sty
Package: lineno 2005/11/02 line numbers on paragraphs v4.41
\linenopenalty=\count113
\output=\toks19
\linenoprevgraf=\count114
\linenumbersep=\dimen126
\linenumberwidth=\dimen127
\c@linenumber=\count115
\c@pagewiselinenumber=\count116
\c@LN@truepage=\count117
\c@internallinenumber=\count118
\c@internallinenumbers=\count119
\quotelinenumbersep=\dimen128
\bframerule=\dimen129
\bframesep=\dimen130
\bframebox=\box56
LaTeX Info: Redefining \\ on input line 3056.
)
(C:\Users\Ariq\AppData\Roaming\MiKTeX\2.9\tex\latex\lipsum\lipsum.sty
Package: lipsum 2014/07/27 v1.3 150 paragraphs of Lorem Ipsum dummy text
\c@lips@count=\count120
)
(C:\Users\Ariq\AppData\Roaming\MiKTeX\2.9\tex\latex\titlesec\titlesec.sty
Package: titlesec 2011/12/15 v2.10.0 Sectioning titles
\ttl@box=\box57
\beforetitleunit=\skip59
\aftertitleunit=\skip60
\ttl@plus=\dimen131
\ttl@minus=\dimen132
\ttl@toksa=\toks20
\titlewidth=\dimen133
\titlewidthlast=\dimen134
\titlewidthfirst=\dimen135
)
(C:\Users\Ariq\AppData\Roaming\MiKTeX\2.9\tex\latex\tocbibind\tocbibind.sty
Package: tocbibind 2010/10/13 v1.5k extra ToC listings
Package tocbibind Info: The document has chapter divisions on input line 50.


Package tocbibind Note: Using chapter style headings, unless overridden.

) (C:\Users\Ariq\AppData\Roaming\MiKTeX\2.9\tex\latex\tocloft\tocloft.sty
Package: tocloft 2013/05/02 v2.3f parameterised ToC, etc., typesetting
Package tocloft Info: The document has chapter divisions on input line 44.
\cftparskip=\skip61
\cftbeforetoctitleskip=\skip62
\cftaftertoctitleskip=\skip63
\cftbeforepartskip=\skip64
\cftpartnumwidth=\skip65
\cftpartindent=\skip66
\cftbeforechapskip=\skip67
\cftchapindent=\skip68
\cftchapnumwidth=\skip69
\cftbeforesecskip=\skip70
\cftsecindent=\skip71
\cftsecnumwidth=\skip72
\cftbeforesubsecskip=\skip73
\cftsubsecindent=\skip74
\cftsubsecnumwidth=\skip75
\cftbeforesubsubsecskip=\skip76
\cftsubsubsecindent=\skip77
\cftsubsubsecnumwidth=\skip78
\cftbeforeparaskip=\skip79
\cftparaindent=\skip80
\cftparanumwidth=\skip81
\cftbeforesubparaskip=\skip82
\cftsubparaindent=\skip83
\cftsubparanumwidth=\skip84
\cftbeforeloftitleskip=\skip85
\cftafterloftitleskip=\skip86
\cftbeforefigskip=\skip87
\cftfigindent=\skip88
\cftfignumwidth=\skip89
\c@lofdepth=\count121
\c@lotdepth=\count122
\cftbeforelottitleskip=\skip90
\cftafterlottitleskip=\skip91
\cftbeforetabskip=\skip92
\cfttabindent=\skip93
\cfttabnumwidth=\skip94
)
(C:\Users\Ariq\AppData\Roaming\MiKTeX\2.9\tex\latex\setspace\setspace.sty
Package: setspace 2011/12/19 v6.7a set line spacing
)
(C:\Users\Ariq\AppData\Roaming\MiKTeX\2.9\tex\latex\xstring\xstring.sty
(C:\Users\Ariq\AppData\Roaming\MiKTeX\2.9\tex\generic\xstring\xstring.tex
\@xs@message=\write3
\integerpart=\count123
\decimalpart=\count124
)
Package: xstring 2013/10/13  v1.7c  String manipulations (C Tellechea)
)
("C:\Program Files (x86)\MiKTeX 2.9\tex\latex\hyperref\hyperref.sty"
Package: hyperref 2012/11/06 v6.83m Hypertext links for LaTeX

("C:\Program Files (x86)\MiKTeX 2.9\tex\generic\oberdiek\hobsub-hyperref.sty"
Package: hobsub-hyperref 2012/04/25 v1.12 Bundle oberdiek, subset hyperref (HO)

("C:\Program Files (x86)\MiKTeX 2.9\tex\generic\oberdiek\hobsub-generic.sty"
Package: hobsub-generic 2012/04/25 v1.12 Bundle oberdiek, subset generic (HO)
Package: hobsub 2012/04/25 v1.12 Construct package bundles (HO)
Package hobsub Info: Skipping package `infwarerr' (already loaded).
Package hobsub Info: Skipping package `ltxcmds' (already loaded).
Package: ifluatex 2010/03/01 v1.3 Provides the ifluatex switch (HO)
Package ifluatex Info: LuaTeX not detected.
Package hobsub Info: Skipping package `ifvtex' (already loaded).
Package: intcalc 2007/09/27 v1.1 Expandable calculations with integers (HO)
Package hobsub Info: Skipping package `ifpdf' (already loaded).
Package: etexcmds 2011/02/16 v1.5 Avoid name clashes with e-TeX commands (HO)
Package etexcmds Info: Could not find \expanded.
(etexcmds)             That can mean that you are not using pdfTeX 1.50 or
(etexcmds)             that some package has redefined \expanded.
(etexcmds)             In the latter case, load this package earlier.
Package: kvsetkeys 2012/04/25 v1.16 Key value parser (HO)
Package: kvdefinekeys 2011/04/07 v1.3 Define keys (HO)
Package: pdftexcmds 2011/11/29 v0.20 Utility functions of pdfTeX for LuaTeX (HO)
Package pdftexcmds Info: LuaTeX not detected.
Package pdftexcmds Info: \pdf@primitive is available.
Package pdftexcmds Info: \pdf@ifprimitive is available.
Package pdftexcmds Info: \pdfdraftmode found.
Package: pdfescape 2011/11/25 v1.13 Implements pdfTeX's escape features (HO)
Package: bigintcalc 2012/04/08 v1.3 Expandable calculations on big integers (HO)
Package: bitset 2011/01/30 v1.1 Handle bit-vector datatype (HO)
Package: uniquecounter 2011/01/30 v1.2 Provide unlimited unique counter (HO)
)
Package hobsub Info: Skipping package `hobsub' (already loaded).
Package: letltxmacro 2010/09/02 v1.4 Let assignment for LaTeX macros (HO)
Package: hopatch 2011/06/24 v1.1 Wrapper for package hooks (HO)
Package: xcolor-patch 2011/01/30 xcolor patch
Package: atveryend 2011/06/30 v1.8 Hooks at the very end of document (HO)
Package: atbegshi 2011/10/05 v1.16 At begin shipout hook (HO)
Package: refcount 2011/10/16 v3.4 Data extraction from label references (HO)
Package: hycolor 2011/01/30 v1.7 Color options for hyperref/bookmark (HO)
)
("C:\Program Files (x86)\MiKTeX 2.9\tex\latex\oberdiek\auxhook.sty"
Package: auxhook 2011/03/04 v1.3 Hooks for auxiliary files (HO)
)
("C:\Program Files (x86)\MiKTeX 2.9\tex\latex\oberdiek\kvoptions.sty"
Package: kvoptions 2011/06/30 v3.11 Key value format for package options (HO)
)
\@linkdim=\dimen136
\Hy@linkcounter=\count125
\Hy@pagecounter=\count126

("C:\Program Files (x86)\MiKTeX 2.9\tex\latex\hyperref\pd1enc.def"
File: pd1enc.def 2012/11/06 v6.83m Hyperref: PDFDocEncoding definition (HO)
)
\Hy@SavedSpaceFactor=\count127

("C:\Program Files (x86)\MiKTeX 2.9\tex\latex\00miktex\hyperref.cfg"
File: hyperref.cfg 2002/06/06 v1.2 hyperref configuration of TeXLive
)
Package hyperref Info: Option `plainpages' set `false' on input line 4319.
Package hyperref Info: Option `pdfpagelabels' set `true' on input line 4319.
Package hyperref Info: Option `unicode' set `true' on input line 4319.

("C:\Program Files (x86)\MiKTeX 2.9\tex\latex\hyperref\puenc.def"
File: puenc.def 2012/11/06 v6.83m Hyperref: PDF Unicode definition (HO)
)
Package hyperref Info: Hyper figures OFF on input line 4443.
Package hyperref Info: Link nesting OFF on input line 4448.
Package hyperref Info: Hyper index ON on input line 4451.
Package hyperref Info: Plain pages OFF on input line 4458.
Package hyperref Info: Backreferencing OFF on input line 4463.
Package hyperref Info: Implicit mode ON; LaTeX internals redefined.
Package hyperref Info: Bookmarks ON on input line 4688.
\c@Hy@tempcnt=\count128

(C:\Users\Ariq\AppData\Roaming\MiKTeX\2.9\tex\latex\url\url.sty
\Urlmuskip=\muskip10
Package: url 2013/09/16  ver 3.4  Verb mode for urls, etc.
)
LaTeX Info: Redefining \url on input line 5041.
\XeTeXLinkMargin=\dimen137
\Fld@menulength=\count129
\Field@Width=\dimen138
\Fld@charsize=\dimen139
Package hyperref Info: Hyper figures OFF on input line 6295.
Package hyperref Info: Link nesting OFF on input line 6300.
Package hyperref Info: Hyper index ON on input line 6303.
Package hyperref Info: backreferencing OFF on input line 6310.
Package hyperref Info: Link coloring OFF on input line 6315.
Package hyperref Info: Link coloring with OCG OFF on input line 6320.
Package hyperref Info: PDF/A mode OFF on input line 6325.
LaTeX Info: Redefining \ref on input line 6365.
LaTeX Info: Redefining \pageref on input line 6369.
\Hy@abspage=\count130
\c@Item=\count131
\c@Hfootnote=\count132
)

Package hyperref Message: Driver (autodetected): hpdftex.

("C:\Program Files (x86)\MiKTeX 2.9\tex\latex\hyperref\hpdftex.def"
File: hpdftex.def 2012/11/06 v6.83m Hyperref driver for pdfTeX
\Fld@listcount=\count133
\c@bookmark@seq@number=\count134

("C:\Program Files (x86)\MiKTeX 2.9\tex\latex\oberdiek\rerunfilecheck.sty"
Package: rerunfilecheck 2011/04/15 v1.7 Rerun checks for auxiliary files (HO)
Package uniquecounter Info: New unique counter `rerunfilecheck' on input line 282.
)
\Hy@SectionHShift=\skip95
)
(C:\Users\Ariq\AppData\Roaming\MiKTeX\2.9\tex\latex\emptypage\emptypage.sty
Package: emptypage 2010/05/30 v1.2 Suppress page numbers and headings on empty pages
)
Package hyperref Info: Option `unicode' set `true' on input line 290.
Package hyperref Info: Option `colorlinks' set `true' on input line 290.

\@input{data.aux}
(C:\Users\Ariq\Documents\NetBeansProjects\Skripsi-Jadwal-Mengawas-Ujian\Tulisan\data.tex
(C:\Users\Ariq\AppData\Roaming\MiKTeX\2.9\tex\latex\booktabs\booktabs.sty
Package: booktabs 2005/04/14 v1.61803 publication quality tables
\heavyrulewidth=\dimen140
\lightrulewidth=\dimen141
\cmidrulewidth=\dimen142
\belowrulesep=\dimen143
\belowbottomsep=\dimen144
\aboverulesep=\dimen145
\abovetopsep=\dimen146
\cmidrulesep=\dimen147
\cmidrulekern=\dimen148
\defaultaddspace=\dimen149
\@cmidla=\count135
\@cmidlb=\count136
\@aboverulesep=\dimen150
\@belowrulesep=\dimen151
\@thisruleclass=\count137
\@lastruleclass=\count138
\@thisrulewidth=\dimen152
)
(C:\Users\Ariq\AppData\Roaming\MiKTeX\2.9\tex\latex\xcolor\xcolor.sty
Package: xcolor 2007/01/21 v2.11 LaTeX color extensions (UK)

("C:\Program Files (x86)\MiKTeX 2.9\tex\latex\00miktex\color.cfg"
File: color.cfg 2007/01/18 v1.5 color configuration of teTeX/TeXLive
)
Package xcolor Info: Driver file: pdftex.def on input line 225.

(C:\Users\Ariq\AppData\Roaming\MiKTeX\2.9\tex\latex\colortbl\colortbl.sty
Package: colortbl 2012/02/13 v1.0a Color table columns (DPC)

("C:\Program Files (x86)\MiKTeX 2.9\tex\latex\tools\array.sty"
Package: array 2008/09/09 v2.4c Tabular extension package (FMi)
\col@sep=\dimen153
\extrarowheight=\dimen154
\NC@list=\toks21
\extratabsurround=\skip96
\backup@length=\skip97
)
\everycr=\toks22
\minrowclearance=\skip98
)
LaTeX Info: Redefining \color on input line 702.
\rownum=\count139
Package xcolor Info: Model `cmy' substituted by `cmy0' on input line 1337.
Package xcolor Info: Model `hsb' substituted by `rgb' on input line 1341.
Package xcolor Info: Model `RGB' extended on input line 1353.
Package xcolor Info: Model `HTML' substituted by `rgb' on input line 1355.
Package xcolor Info: Model `Hsb' substituted by `hsb' on input line 1356.
Package xcolor Info: Model `tHsb' substituted by `hsb' on input line 1357.
Package xcolor Info: Model `HSB' substituted by `hsb' on input line 1358.
Package xcolor Info: Model `Gray' substituted by `gray' on input line 1359.
Package xcolor Info: Model `wave' substituted by `hsb' on input line 1360.
)
("C:\Program Files (x86)\MiKTeX 2.9\tex\latex\tools\longtable.sty"
Package: longtable 2004/02/01 v4.11 Multi-page Table package (DPC)
\LTleft=\skip99
\LTright=\skip100
\LTpre=\skip101
\LTpost=\skip102
\LTchunksize=\count140
\LTcapwidth=\dimen155
\LT@head=\box58
\LT@firsthead=\box59
\LT@foot=\box60
\LT@lastfoot=\box61
\LT@cols=\count141
\LT@rows=\count142
\c@LT@tables=\count143
\c@LT@chunks=\count144
\LT@p@ftn=\toks23
)
("C:\Program Files (x86)\MiKTeX 2.9\tex\latex\amsmath\amsmath.sty"
Package: amsmath 2013/01/14 v2.14 AMS math features
\@mathmargin=\skip103

For additional information on amsmath, use the `?' option.
("C:\Program Files (x86)\MiKTeX 2.9\tex\latex\amsmath\amstext.sty"
Package: amstext 2000/06/29 v2.01

("C:\Program Files (x86)\MiKTeX 2.9\tex\latex\amsmath\amsgen.sty"
File: amsgen.sty 1999/11/30 v2.0
\@emptytoks=\toks24
\ex@=\dimen156
))
("C:\Program Files (x86)\MiKTeX 2.9\tex\latex\amsmath\amsbsy.sty"
Package: amsbsy 1999/11/29 v1.2d
\pmbraise@=\dimen157
)
("C:\Program Files (x86)\MiKTeX 2.9\tex\latex\amsmath\amsopn.sty"
Package: amsopn 1999/12/14 v2.01 operator names
)
\inf@bad=\count145
LaTeX Info: Redefining \frac on input line 210.
\uproot@=\count146
\leftroot@=\count147
LaTeX Info: Redefining \overline on input line 306.
\classnum@=\count148
\DOTSCASE@=\count149
LaTeX Info: Redefining \ldots on input line 378.
LaTeX Info: Redefining \dots on input line 381.
LaTeX Info: Redefining \cdots on input line 466.
\Mathstrutbox@=\box62
\strutbox@=\box63
\big@size=\dimen158
LaTeX Font Info:    Redeclaring font encoding OML on input line 566.
LaTeX Font Info:    Redeclaring font encoding OMS on input line 567.
\macc@depth=\count150
\c@MaxMatrixCols=\count151
\dotsspace@=\muskip11
\c@parentequation=\count152
\dspbrk@lvl=\count153
\tag@help=\toks25
\row@=\count154
\column@=\count155
\maxfields@=\count156
\andhelp@=\toks26
\eqnshift@=\dimen159
\alignsep@=\dimen160
\tagshift@=\dimen161
\tagwidth@=\dimen162
\totwidth@=\dimen163
\lineht@=\dimen164
\@envbody=\toks27
\multlinegap=\skip104
\multlinetaggap=\skip105
\mathdisplay@stack=\toks28
LaTeX Info: Redefining \[ on input line 2665.
LaTeX Info: Redefining \] on input line 2666.
))
\@input{dosen.aux}
(C:\Users\Ariq\Documents\NetBeansProjects\Skripsi-Jadwal-Mengawas-Ujian\Tulisan\dosen.tex)
(C:\Users\Ariq\Documents\NetBeansProjects\Skripsi-Jadwal-Mengawas-Ujian\Tulisan\main.aux
(C:\Users\Ariq\Documents\NetBeansProjects\Skripsi-Jadwal-Mengawas-Ujian\Tulisan\Bab/bab1.aux)
(C:\Users\Ariq\Documents\NetBeansProjects\Skripsi-Jadwal-Mengawas-Ujian\Tulisan\Bab/bab2.aux)
(C:\Users\Ariq\Documents\NetBeansProjects\Skripsi-Jadwal-Mengawas-Ujian\Tulisan\Bab/bab3.aux)
(C:\Users\Ariq\Documents\NetBeansProjects\Skripsi-Jadwal-Mengawas-Ujian\Tulisan\Bab/bab4.aux)
(C:\Users\Ariq\Documents\NetBeansProjects\Skripsi-Jadwal-Mengawas-Ujian\Tulisan\Bab/bab5.aux)
(C:\Users\Ariq\Documents\NetBeansProjects\Skripsi-Jadwal-Mengawas-Ujian\Tulisan\Bab/bab6.aux)
(C:\Users\Ariq\Documents\NetBeansProjects\Skripsi-Jadwal-Mengawas-Ujian\Tulisan\Bab/bab7.aux)
(C:\Users\Ariq\Documents\NetBeansProjects\Skripsi-Jadwal-Mengawas-Ujian\Tulisan\Bab/bab8.aux)
(C:\Users\Ariq\Documents\NetBeansProjects\Skripsi-Jadwal-Mengawas-Ujian\Tulisan\Bab/bab9.aux)
(C:\Users\Ariq\Documents\NetBeansProjects\Skripsi-Jadwal-Mengawas-Ujian\Tulisan\Lampiran/lampA.aux)
(C:\Users\Ariq\Documents\NetBeansProjects\Skripsi-Jadwal-Mengawas-Ujian\Tulisan\Lampiran/lampB.aux)
(C:\Users\Ariq\Documents\NetBeansProjects\Skripsi-Jadwal-Mengawas-Ujian\Tulisan\Lampiran/lampC.aux)
(C:\Users\Ariq\Documents\NetBeansProjects\Skripsi-Jadwal-Mengawas-Ujian\Tulisan\Lampiran/lampD.aux)
(C:\Users\Ariq\Documents\NetBeansProjects\Skripsi-Jadwal-Mengawas-Ujian\Tulisan\Lampiran/lampE.aux)
(C:\Users\Ariq\Documents\NetBeansProjects\Skripsi-Jadwal-Mengawas-Ujian\Tulisan\Lampiran/lampF.aux)
(C:\Users\Ariq\Documents\NetBeansProjects\Skripsi-Jadwal-Mengawas-Ujian\Tulisan\Lampiran/lampG.aux)
(C:\Users\Ariq\Documents\NetBeansProjects\Skripsi-Jadwal-Mengawas-Ujian\Tulisan\Lampiran/lampH.aux)
(C:\Users\Ariq\Documents\NetBeansProjects\Skripsi-Jadwal-Mengawas-Ujian\Tulisan\Lampiran/lampI.aux))
LaTeX Font Info:    Checking defaults for OML/cmm/m/it on input line 305.
LaTeX Font Info:    ... okay on input line 305.
LaTeX Font Info:    Checking defaults for T1/cmr/m/n on input line 305.
LaTeX Font Info:    ... okay on input line 305.
LaTeX Font Info:    Checking defaults for OT1/cmr/m/n on input line 305.
LaTeX Font Info:    ... okay on input line 305.
LaTeX Font Info:    Checking defaults for OMS/cmsy/m/n on input line 305.
LaTeX Font Info:    ... okay on input line 305.
LaTeX Font Info:    Checking defaults for OMX/cmex/m/n on input line 305.
LaTeX Font Info:    ... okay on input line 305.
LaTeX Font Info:    Checking defaults for U/cmr/m/n on input line 305.
LaTeX Font Info:    ... okay on input line 305.
LaTeX Font Info:    Checking defaults for PD1/pdf/m/n on input line 305.
LaTeX Font Info:    ... okay on input line 305.
LaTeX Font Info:    Checking defaults for PU/pdf/m/n on input line 305.
LaTeX Font Info:    ... okay on input line 305.

(C:\Users\Ariq\AppData\Roaming\MiKTeX\2.9\tex\context\base\supp-pdf.mkii
[Loading MPS to PDF converter (version 2006.09.02).]
\scratchcounter=\count157
\scratchdimen=\dimen165
\scratchbox=\box64
\nofMPsegments=\count158
\nofMParguments=\count159
\everyMPshowfont=\toks29
\MPscratchCnt=\count160
\MPscratchDim=\dimen166
\MPnumerator=\count161
\makeMPintoPDFobject=\count162
\everyMPtoPDFconversion=\toks30
)
*geometry* driver: auto-detecting
*geometry* detected driver: pdftex
*geometry* verbose mode - [ preamble ] result:
* driver: pdftex
* paper: a4paper
* layout: <same size as paper>
* layoutoffset:(h,v)=(0.0pt,0.0pt)
* modes: twoside 
* h-part:(L,W,R)=(71.13188pt, 469.47049pt, 56.9055pt)
* v-part:(T,H,B)=(71.13188pt, 702.78308pt, 71.13188pt)
* \paperwidth=597.50787pt
* \paperheight=845.04684pt
* \textwidth=469.47049pt
* \textheight=702.78308pt
* \oddsidemargin=-1.1381pt
* \evensidemargin=-15.36449pt
* \topmargin=-38.1381pt
* \headheight=15.0pt
* \headsep=25.0pt
* \topskip=11.0pt
* \footskip=30.0pt
* \marginparwidth=103.0pt
* \marginparsep=10.0pt
* \columnsep=10.0pt
* \skip\footins=10.0pt plus 4.0pt minus 2.0pt
* \hoffset=0.0pt
* \voffset=0.0pt
* \mag=1000
* \@twocolumnfalse
* \@twosidetrue
* \@mparswitchtrue
* \@reversemarginfalse
* (1in=72.27pt=25.4mm, 1cm=28.453pt)

\c@lstlisting=\count163
\AtBeginShipoutBox=\box65
Package hyperref Info: Link coloring ON on input line 305.
("C:\Program Files (x86)\MiKTeX 2.9\tex\latex\hyperref\nameref.sty"
Package: nameref 2012/10/27 v2.43 Cross-referencing by name of section

("C:\Program Files (x86)\MiKTeX 2.9\tex\generic\oberdiek\gettitlestring.sty"
Package: gettitlestring 2010/12/03 v1.4 Cleanup title references (HO)
)
\c@section@level=\count164
)
LaTeX Info: Redefining \ref on input line 305.
LaTeX Info: Redefining \pageref on input line 305.
LaTeX Info: Redefining \nameref on input line 305.

(C:\Users\Ariq\Documents\NetBeansProjects\Skripsi-Jadwal-Mengawas-Ujian\Tulisan\main.out)
(C:\Users\Ariq\Documents\NetBeansProjects\Skripsi-Jadwal-Mengawas-Ujian\Tulisan\main.out)
\@outlinefile=\write4

<Gambar/logo-unpar.png, id=223, 360.59718pt x 356.0803pt>
File: Gambar/logo-unpar.png Graphic file (type png)
 <use Gambar/logo-unpar.png>
Package pdftex.def Info: Gambar/logo-unpar.png used on input line 473.
(pdftex.def)             Requested size: 144.23631pt x 142.4296pt.
 [1





{C:/Users/Ariq/AppData/Local/MiKTeX/2.9/pdftex/config/pdftex.map} <C:/Users/Ariq/Documents/NetBeansProjects/Skripsi-Jadw
al-Mengawas-Ujian/Tulisan/Gambar/logo-unpar.png>] [2

]
File: Gambar/logo-unpar.png Graphic file (type png)
 <use Gambar/logo-unpar.png>
Package pdftex.def Info: Gambar/logo-unpar.png used on input line 473.
(pdftex.def)             Requested size: 144.23631pt x 142.4296pt.
 [3] [4

] [5] [6

] [7] [8

]
(C:\Users\Ariq\Documents\NetBeansProjects\Skripsi-Jadwal-Mengawas-Ujian\Tulisan\main.toc [9])
\tf@toc=\write5
 [10]
(C:\Users\Ariq\Documents\NetBeansProjects\Skripsi-Jadwal-Mengawas-Ujian\Tulisan\main.lof)
\tf@lof=\write6
 [11]
(C:\Users\Ariq\Documents\NetBeansProjects\Skripsi-Jadwal-Mengawas-Ujian\Tulisan\main.lot)
\tf@lot=\write7
 [12]
*geometry* verbose mode - [ newgeometry ] result:
* driver: pdftex
* paper: a4paper
* layout: <same size as paper>
* layoutoffset:(h,v)=(0.0pt,0.0pt)
* modes: twoside 
* h-part:(L,W,R)=(85.35826pt, 433.90454pt, 78.24507pt)
* v-part:(T,H,B)=(56.9055pt, 731.23584pt, 56.9055pt)
* \paperwidth=597.50787pt
* \paperheight=845.04684pt
* \textwidth=433.90454pt
* \textheight=731.23584pt
* \oddsidemargin=13.08827pt
* \evensidemargin=5.97508pt
* \topmargin=-55.36449pt
* \headheight=15.0pt
* \headsep=25.0pt
* \topskip=11.0pt
* \footskip=30.0pt
* \marginparwidth=103.0pt
* \marginparsep=10.0pt
* \columnsep=10.0pt
* \skip\footins=10.0pt plus 4.0pt minus 2.0pt
* \hoffset=0.0pt
* \voffset=0.0pt
* \mag=1000
* \@twocolumnfalse
* \@twosidetrue
* \@mparswitchtrue
* \@reversemarginfalse
* (1in=72.27pt=25.4mm, 1cm=28.453pt)


(C:\Users\Ariq\Documents\NetBeansProjects\Skripsi-Jadwal-Mengawas-Ujian\Tulisan\Bab/bab1.tex
Bab 1.
LaTeX Font Info:    Try loading font information for T1+cmss on input line 1.
("C:\Program Files (x86)\MiKTeX 2.9\tex\latex\base\t1cmss.fd"
File: t1cmss.fd 1999/05/25 v2.5h Standard LaTeX font definitions
) [1





]
LaTeX Font Info:    Try loading font information for OMS+cmr on input line 35.

("C:\Program Files (x86)\MiKTeX 2.9\tex\latex\base\omscmr.fd"
File: omscmr.fd 1999/05/25 v2.5h Standard LaTeX font definitions
)
LaTeX Font Info:    Font shape `OMS/cmr/m/n' in size <10.95> not available
(Font)              Font shape `OMS/cmsy/m/n' tried instead on input line 35.
) [2]
(C:\Users\Ariq\Documents\NetBeansProjects\Skripsi-Jadwal-Mengawas-Ujian\Tulisan\Bab/bab2.tex
Bab 2.
<Gambar/MVC.png, id=503, 368.87813pt x 264.23718pt>
File: Gambar/MVC.png Graphic file (type png)
 <use Gambar/MVC.png>
Package pdftex.def Info: Gambar/MVC.png used on input line 9.
(pdftex.def)             Requested size: 239.76793pt x 171.75212pt.
 [3



 <C:/Users/Ariq/Documents/NetBeansProjects/Skripsi-Jadwal-Mengawas-Ujian/Tulisan/Gambar/MVC.png>] <Gambar/apachePOI.jpeg
, id=514, 548.0475pt x 466.74374pt>
File: Gambar/apachePOI.jpeg Graphic file (type jpg)

<use Gambar/apachePOI.jpeg>
Package pdftex.def Info: Gambar/apachePOI.jpeg used on input line 40.
(pdftex.def)             Requested size: 274.02307pt x 233.37129pt.
 [4 <C:/Users/Ariq/Documents/NetBeansProjects/Skripsi-Jadwal-Mengawas-Ujian/Tulisan/Gambar/apachePOI.jpeg>]
Underfull \hbox (badness 10000) in paragraph at lines 72--73

 []


Underfull \hbox (badness 10000) in paragraph at lines 74--75

 []


Underfull \hbox (badness 10000) in paragraph at lines 74--75

 []

[5]
Underfull \hbox (badness 10000) in paragraph at lines 104--121

 []


Underfull \hbox (badness 10000) in paragraph at lines 104--121

 []


Underfull \hbox (badness 10000) in paragraph at lines 104--121

 []

[6]
Underfull \hbox (badness 10000) in paragraph at lines 142--153

 []


Underfull \hbox (badness 10000) in paragraph at lines 155--180

 []


Underfull \hbox (badness 10000) in paragraph at lines 155--180

 []

[7]
Underfull \hbox (badness 10000) in paragraph at lines 185--196

 []


Underfull \hbox (badness 10000) in paragraph at lines 198--199

 []


Underfull \hbox (badness 10000) in paragraph at lines 206--207

 []


Underfull \hbox (badness 10000) in paragraph at lines 208--219

 []

[8]
Underfull \hbox (badness 10000) in paragraph at lines 220--239

 []


Overfull \hbox (34.94403pt too wide) in paragraph at lines 241--242
\T1/cmr/m/n/10.95 XSSFCellStyle me-ru-pak-an se-bu-ah ke-las yang ber-a-da di-ba-wah \T1/cmr/m/it/10.95 pac-ka-ge \T1/cm
r/bx/n/10.95 org.apache.poi.usermodel\T1/cmr/m/n/10.95 .
 []


Underfull \hbox (badness 10000) in paragraph at lines 244--245

 []


Overfull \hbox (11.62444pt too wide) in paragraph at lines 246--304
[][] 
 []


Underfull \hbox (badness 10000) in paragraph at lines 246--304

 []


Overfull \hbox (34.11838pt too wide) in paragraph at lines 246--304
[] 
 []


Underfull \hbox (badness 10000) in paragraph at lines 246--304

 []

[9]
Underfull \hbox (badness 10000) in paragraph at lines 312--337

 []


Underfull \vbox (badness 10000) has occurred while \output is active []

 [10]
Underfull \hbox (badness 10000) in paragraph at lines 339--362

 []


Underfull \hbox (badness 10000) in paragraph at lines 339--362

 []


Underfull \hbox (badness 10000) in paragraph at lines 339--362

 []


Underfull \hbox (badness 10000) in paragraph at lines 364--391

 []


Underfull \hbox (badness 10000) in paragraph at lines 364--391

 []


Underfull \hbox (badness 10000) in paragraph at lines 364--391

 []

[11]
Overfull \hbox (45.52835pt too wide) in paragraph at lines 393--413
[] 
 []


Underfull \hbox (badness 10000) in paragraph at lines 393--413

 []


Underfull \hbox (badness 10000) in paragraph at lines 393--413

 []


Underfull \hbox (badness 10000) in paragraph at lines 415--426

 []


Underfull \hbox (badness 10000) in paragraph at lines 428--441

 []

[12]
Underfull \hbox (badness 10000) in paragraph at lines 443--446

 []

[13]
Underfull \hbox (badness 10000) in paragraph at lines 477--513

 []


Underfull \hbox (badness 10000) in paragraph at lines 477--513

 []


Underfull \hbox (badness 10000) in paragraph at lines 516--538

 []


Underfull \hbox (badness 10000) in paragraph at lines 516--538

 []


Underfull \hbox (badness 10000) in paragraph at lines 516--538

 []


Underfull \vbox (badness 3919) has occurred while \output is active []

 [14]
Underfull \hbox (badness 10000) in paragraph at lines 541--587

 []


Underfull \hbox (badness 10000) in paragraph at lines 541--587

 []


Underfull \hbox (badness 10000) in paragraph at lines 541--587

 []


Underfull \vbox (badness 10000) has occurred while \output is active []

 [15]
Underfull \hbox (badness 10000) in paragraph at lines 590--625

 []


Underfull \vbox (badness 10000) has occurred while \output is active []

 [16]
Underfull \hbox (badness 10000) in paragraph at lines 628--688

 []


Underfull \vbox (badness 10000) has occurred while \output is active []

 [17]
Overfull \vbox (25.26347pt too high) has occurred while \output is active []

 [18]
Underfull \hbox (badness 10000) in paragraph at lines 691--754

 []


Underfull \vbox (badness 10000) has occurred while \output is active []

 [19]
Overfull \vbox (80.46342pt too high) has occurred while \output is active []

 [20]
Underfull \hbox (badness 10000) in paragraph at lines 757--766

 []


Underfull \hbox (badness 10000) in paragraph at lines 769--778

 []


Underfull \hbox (badness 10000) in paragraph at lines 781--788

 []


Underfull \hbox (badness 10000) in paragraph at lines 789--804

 []

) [21] (C:\Users\Ariq\Documents\NetBeansProjects\Skripsi-Jadwal-Mengawas-Ujian\Tulisan\Bab/bab3.tex [22



]
Bab 3.
<Gambar/scJadwal.png, id=674, 788.19469pt x 398.23781pt>
File: Gambar/scJadwal.png Graphic file (type png)
 <use Gambar/scJadwal.png>
Package pdftex.def Info: Gambar/scJadwal.png used on input line 11.
(pdftex.def)             Requested size: 394.09637pt x 199.11841pt.
 [23 <C:/Users/Ariq/Documents/NetBeansProjects/Skripsi-Jadwal-Mengawas-Ujian/Tulisan/Gambar/scJadwal.png>]
<Gambar/useCaseJadwal.png, id=688, 608.2725pt x 552.56438pt>
File: Gambar/useCaseJadwal.png Graphic file (type png)
 <use Gambar/useCaseJadwal.png>
Package pdftex.def Info: Gambar/useCaseJadwal.png used on input line 60.
(pdftex.def)             Requested size: 304.13551pt x 276.28151pt.


LaTeX Warning: `h' float specifier changed to `ht'.


Underfull \hbox (badness 10000) in paragraph at lines 65--67

 []

[24]) [25 <C:/Users/Ariq/Documents/NetBeansProjects/Skripsi-Jadwal-Mengawas-Ujian/Tulisan/Gambar/useCaseJadwal.png>]
(C:\Users\Ariq\Documents\NetBeansProjects\Skripsi-Jadwal-Mengawas-Ujian\Tulisan\Bab/bab4.tex [26



]
Bab 4.
<Gambar/rancangan-basisdata-bi.png, id=725, 1451.4225pt x 1589.1872pt>
File: Gambar/rancangan-basisdata-bi.png Graphic file (type png)
 <use Gambar/rancangan-basisdata-bi.png>
Package pdftex.def Info: Gambar/rancangan-basisdata-bi.png used on input line 17.
(pdftex.def)             Requested size: 435.43011pt x 476.75984pt.

Overfull \hbox (1.52557pt too wide) in paragraph at lines 17--18
 [][] 
 []


Underfull \vbox (badness 10000) has occurred while \output is active []

 [27]
Underfull \hbox (badness 10000) in paragraph at lines 40--40
[]|\T1/cmr/m/n/10.95 NOT NU-LL; PRI-
 []


Underfull \hbox (badness 10000) in paragraph at lines 41--41
[]|\T1/cmr/m/n/10.95 MANY2ONE
 []


Underfull \vbox (badness 10000) has occurred while \output is active []

 [28 <C:/Users/Ariq/Documents/NetBeansProjects/Skripsi-Jadwal-Mengawas-Ujian/Tulisan/Gambar/rancangan-basisdata-bi.png>]

Underfull \hbox (badness 10000) in paragraph at lines 54--54
[]|\T1/cmr/m/n/10.95 MANY2ONE
 []


Overfull \hbox (5.81065pt too wide) in paragraph at lines 55--55
[]|\T1/cmr/m/n/10.95 ENUM(read_data,
 []


Underfull \hbox (badness 1210) in paragraph at lines 55--55
\T1/cmr/m/n/10.95 for-mat_data, lo-
 []


Underfull \hbox (badness 10000) in paragraph at lines 55--55
\T1/cmr/m/n/10.95 de-ri-ved_column,
 []


Underfull \hbox (badness 10000) in paragraph at lines 55--55
\T1/cmr/m/n/10.95 script, mer-
 []


Underfull \hbox (badness 10000) in paragraph at lines 55--55
\T1/cmr/m/n/10.95 ge, ag-gre-ga-te,
 []


Underfull \hbox (badness 10000) in paragraph at lines 55--55
\T1/cmr/m/n/10.95 sort_data, sa-
 []


Underfull \hbox (badness 10000) in paragraph at lines 65--65
[]|\T1/cmr/m/n/10.95 MANY2ONE
 []


Underfull \hbox (badness 10000) in paragraph at lines 66--66
[]|\T1/cmr/m/n/10.95 MANY2ONE
 []


Underfull \hbox (badness 10000) in paragraph at lines 68--68
[]|\T1/cmr/m/n/10.95 ENUM(fixed,
 []


Underfull \hbox (badness 10000) in paragraph at lines 69--69
[]|\T1/cmr/m/n/10.95 MANY2ONE
 []


Underfull \vbox (badness 10000) has occurred while \output is active []

 [29]
Underfull \hbox (badness 10000) in paragraph at lines 88--88
[]|\T1/cmr/m/n/10.95 NOT NU-LL; PRI-
 []


Underfull \hbox (badness 10000) in paragraph at lines 89--89
[]|\T1/cmr/m/n/10.95 MANY2ONE
 []


Underfull \hbox (badness 10000) in paragraph at lines 100--100
[]|\T1/cmr/m/n/10.95 NOT NU-LL; PRI-
 []


Underfull \hbox (badness 10000) in paragraph at lines 101--101
[]|\T1/cmr/m/n/10.95 MANY2ONE
 []

[30]
Underfull \hbox (badness 10000) in paragraph at lines 113--113
[]|\T1/cmr/m/n/10.95 NOT NU-LL; PRI-
 []


Underfull \hbox (badness 10000) in paragraph at lines 114--114
[]|\T1/cmr/m/n/10.95 MANY2ONE
 []


Underfull \hbox (badness 10000) in paragraph at lines 115--115
[]|\T1/cmr/m/n/10.95 MANY2ONE
 []


Underfull \hbox (badness 10000) in paragraph at lines 116--116
[]|\T1/cmr/m/n/10.95 ENUM(char, in-te-ger,
 []


Underfull \hbox (badness 2932) in paragraph at lines 116--116
\T1/cmr/m/n/10.95 flo-at, da-te, da-te-ti-me,
 []


Underfull \hbox (badness 10000) in paragraph at lines 129--129
[]|\T1/cmr/m/n/10.95 NOT NU-LL; PRI-
 []


Underfull \hbox (badness 10000) in paragraph at lines 130--130
[]|\T1/cmr/m/n/10.95 MANY2ONE
 []


Underfull \hbox (badness 10000) in paragraph at lines 132--132
[]|\T1/cmr/m/n/10.95 MANY2ONE
 []


Underfull \hbox (badness 10000) in paragraph at lines 143--143
[]|\T1/cmr/m/n/10.95 NOT NU-LL; PRI-
 []


Underfull \hbox (badness 10000) in paragraph at lines 144--144
[]|\T1/cmr/m/n/10.95 MANY2ONE
 []


Underfull \hbox (badness 10000) in paragraph at lines 145--145
[]|\T1/cmr/m/n/10.95 MANY2ONE
 []


Underfull \hbox (badness 10000) in paragraph at lines 149--149
[]|\T1/cmr/m/n/10.95 ENUM(char, in-te-ger,
 []


Underfull \hbox (badness 2932) in paragraph at lines 149--149
\T1/cmr/m/n/10.95 flo-at, da-te, da-te-ti-me,
 []


Underfull \vbox (badness 10000) has occurred while \output is active []

 [31]
Underfull \hbox (badness 10000) in paragraph at lines 160--160
[]|\T1/cmr/m/n/10.95 NOT NU-LL; PRI-
 []


Underfull \hbox (badness 10000) in paragraph at lines 161--161
[]|\T1/cmr/m/n/10.95 MANY2ONE
 []


Underfull \hbox (badness 10000) in paragraph at lines 173--173
[]|\T1/cmr/m/n/10.95 NOT NU-LL; PRI-
 []


Underfull \hbox (badness 10000) in paragraph at lines 174--174
[]|\T1/cmr/m/n/10.95 MANY2ONE
 []


Underfull \hbox (badness 10000) in paragraph at lines 175--175
[]|\T1/cmr/m/n/10.95 MANY2ONE
 []


Underfull \hbox (badness 10000) in paragraph at lines 186--186
[]|\T1/cmr/m/n/10.95 NOT NU-LL; PRI-
 []


Underfull \hbox (badness 10000) in paragraph at lines 187--187
[]|\T1/cmr/m/n/10.95 MANY2ONE
 []


Underfull \hbox (badness 10000) in paragraph at lines 188--188
[]|\T1/cmr/m/n/10.95 MANY2ONE
 []


Underfull \hbox (badness 10000) in paragraph at lines 199--199
[]|\T1/cmr/m/n/10.95 NOT NU-LL; PRI-
 []


Underfull \hbox (badness 10000) in paragraph at lines 200--200
[]|\T1/cmr/m/n/10.95 MANY2ONE
 []


Underfull \vbox (badness 6445) has occurred while \output is active []

 [32]
Underfull \hbox (badness 10000) in paragraph at lines 214--214
[]|\T1/cmr/m/n/10.95 NOT NU-LL; PRI-
 []


Underfull \hbox (badness 10000) in paragraph at lines 215--215
[]|\T1/cmr/m/n/10.95 MANY2ONE
 []


Underfull \hbox (badness 10000) in paragraph at lines 229--229
[]|\T1/cmr/m/n/10.95 NOT NU-LL; PRI-
 []


Underfull \hbox (badness 10000) in paragraph at lines 230--230
[]|\T1/cmr/m/n/10.95 MANY2ONE
 []


Underfull \hbox (badness 10000) in paragraph at lines 232--232
[]|\T1/cmr/m/n/10.95 MANY2ONE
 []


Underfull \hbox (badness 10000) in paragraph at lines 233--233
[]|\T1/cmr/m/n/10.95 ENUM(none, co-unt,
 []


Underfull \hbox (badness 1466) in paragraph at lines 233--233
\T1/cmr/m/n/10.95 sum, avg, max, min,
 []

<Gambar/Class-Diagram-bi-tool.png, id=754, 1255.69125pt x 1356.56813pt>
File: Gambar/Class-Diagram-bi-tool.png Graphic file (type png)
 <use Gambar/Class-Diagram-bi-tool.png>
Package pdftex.def Info: Gambar/Class-Diagram-bi-tool.png used on input line 242.
(pdftex.def)             Requested size: 502.26761pt x 542.61765pt.

Overfull \hbox (68.36307pt too wide) in paragraph at lines 242--243
 [][] 
 []


LaTeX Warning: `h' float specifier changed to `ht'.


Underfull \vbox (badness 3229) has occurred while \output is active []

 [33]
Underfull \vbox (badness 10000) has occurred while \output is active []

 [34]
Underfull \vbox (badness 10000) has occurred while \output is active []

 [35] [36])
Underfull \vbox (badness 10000) has occurred while \output is active []

 [37] [38] [39 <C:/Users/Ariq/Documents/NetBeansProjects/Skripsi-Jadwal-Mengawas-Ujian/Tulisan/Gambar/Class-Diagram-bi-t
ool.png>]
(C:\Users\Ariq\Documents\NetBeansProjects\Skripsi-Jadwal-Mengawas-Ujian\Tulisan\Bab/bab5.tex [40



]
Bab 5.
<Gambar/tabel-ba-business.png, id=789, 379.4175pt x 388.45125pt>
File: Gambar/tabel-ba-business.png Graphic file (type png)
 <use Gambar/tabel-ba-business.png>
Package pdftex.def Info: Gambar/tabel-ba-business.png used on input line 33.
(pdftex.def)             Requested size: 189.70828pt x 194.22514pt.
 [41]
<Gambar/tabel-ba-etl-header.png, id=794, 383.93437pt x 401.24907pt>
File: Gambar/tabel-ba-etl-header.png Graphic file (type png)
 <use Gambar/tabel-ba-etl-header.png>
Package pdftex.def Info: Gambar/tabel-ba-etl-header.png used on input line 41.
(pdftex.def)             Requested size: 191.9667pt x 200.62404pt.

<Gambar/tabel-ba-etl-detail.png, id=795, 438.8897pt x 410.2828pt>
File: Gambar/tabel-ba-etl-detail.png Graphic file (type png)
 <use Gambar/tabel-ba-etl-detail.png>
Package pdftex.def Info: Gambar/tabel-ba-etl-detail.png used on input line 49.
(pdftex.def)             Requested size: 219.4443pt x 205.1409pt.

Underfull \vbox (badness 10000) has occurred while \output is active []

 [42 <C:/Users/Ariq/Documents/NetBeansProjects/Skripsi-Jadwal-Mengawas-Ujian/Tulisan/Gambar/tabel-ba-business.png> <C:/U
sers/Ariq/Documents/NetBeansProjects/Skripsi-Jadwal-Mengawas-Ujian/Tulisan/Gambar/tabel-ba-etl-header.png>]
<Gambar/tabel-ba-etl-detail2.png, id=802, 543.53062pt x 400.49625pt>
File: Gambar/tabel-ba-etl-detail2.png Graphic file (type png)
 <use Gambar/tabel-ba-etl-detail2.png>
Package pdftex.def Info: Gambar/tabel-ba-etl-detail2.png used on input line 55.
(pdftex.def)             Requested size: 271.76463pt x 200.24763pt.

<Gambar/tabel-ba-etl-detail3.png, id=803, 523.20468pt x 407.27156pt>
File: Gambar/tabel-ba-etl-detail3.png Graphic file (type png)
 <use Gambar/tabel-ba-etl-detail3.png>
Package pdftex.def Info: Gambar/tabel-ba-etl-detail3.png used on input line 61.
(pdftex.def)             Requested size: 261.6017pt x 203.63527pt.

<Gambar/tabel-ba-etl-columns.png, id=804, 382.42876pt x 396.7322pt>
File: Gambar/tabel-ba-etl-columns.png Graphic file (type png)
 <use Gambar/tabel-ba-etl-columns.png>
Package pdftex.def Info: Gambar/tabel-ba-etl-columns.png used on input line 69.
(pdftex.def)             Requested size: 191.2139pt x 198.3656pt.
 [43 <C:/Users/Ariq/Documents/NetBeansProjects/Skripsi-Jadwal-Mengawas-Ujian/Tulisan/Gambar/tabel-ba-etl-detail.png> <C:
/Users/Ariq/Documents/NetBeansProjects/Skripsi-Jadwal-Mengawas-Ujian/Tulisan/Gambar/tabel-ba-etl-detail2.png> <C:/Users/
Ariq/Documents/NetBeansProjects/Skripsi-Jadwal-Mengawas-Ujian/Tulisan/Gambar/tabel-ba-etl-detail3.png>]
<Gambar/tabel-ba-etl-columns-mapping.png, id=813, 456.95718pt x 402.00188pt>
File: Gambar/tabel-ba-etl-columns-mapping.png Graphic file (type png)

<use Gambar/tabel-ba-etl-columns-mapping.png>
Package pdftex.def Info: Gambar/tabel-ba-etl-columns-mapping.png used on input line 77.
(pdftex.def)             Requested size: 228.47803pt x 201.00044pt.
File: Gambar/tabel-ba-etl-columns-mapping.png Graphic file (type png)
 <use Gambar/tabel-ba-etl-columns-mapping.png>
Package pdftex.def Info: Gambar/tabel-ba-etl-columns-mapping.png used on input line 84.
(pdftex.def)             Requested size: 228.47803pt x 201.00044pt.

Underfull \vbox (badness 10000) has occurred while \output is active []

 [44 <C:/Users/Ariq/Documents/NetBeansProjects/Skripsi-Jadwal-Mengawas-Ujian/Tulisan/Gambar/tabel-ba-etl-columns.png> <C
:/Users/Ariq/Documents/NetBeansProjects/Skripsi-Jadwal-Mengawas-Ujian/Tulisan/Gambar/tabel-ba-etl-columns-mapping.png>]
<Gambar/tabel-ba-etl-sort-data-columns.png, id=820, 429.10312pt x 411.78844pt>
File: Gambar/tabel-ba-etl-sort-data-columns.png Graphic file (type png)

<use Gambar/tabel-ba-etl-sort-data-columns.png>
Package pdftex.def Info: Gambar/tabel-ba-etl-sort-data-columns.png used on input line 92.
(pdftex.def)             Requested size: 214.55103pt x 205.8937pt.

<Gambar/tabel-ba-etl-dericed-column-lines.png, id=821, 441.14813pt x 408.02437pt>
File: Gambar/tabel-ba-etl-dericed-column-lines.png Graphic file (type png)

<use Gambar/tabel-ba-etl-dericed-column-lines.png>
Package pdftex.def Info: Gambar/tabel-ba-etl-dericed-column-lines.png used on input line 100.
(pdftex.def)             Requested size: 220.57352pt x 204.01169pt.

Underfull \vbox (badness 10000) has occurred while \output is active []

 [45 <C:/Users/Ariq/Documents/NetBeansProjects/Skripsi-Jadwal-Mengawas-Ujian/Tulisan/Gambar/tabel-ba-etl-sort-data-colum
ns.png>]
<Gambar/tabel-ba-etl-lookup-fixed-lines.png, id=827, 433.62pt x 418.56375pt>
File: Gambar/tabel-ba-etl-lookup-fixed-lines.png Graphic file (type png)

<use Gambar/tabel-ba-etl-lookup-fixed-lines.png>
Package pdftex.def Info: Gambar/tabel-ba-etl-lookup-fixed-lines.png used on input line 108.
(pdftex.def)             Requested size: 216.80946pt x 209.28136pt.

<Gambar/tabel-ba-etl-save-data-columns.png, id=828, 472.01344pt x 411.03563pt>
File: Gambar/tabel-ba-etl-save-data-columns.png Graphic file (type png)

<use Gambar/tabel-ba-etl-save-data-columns.png>
Package pdftex.def Info: Gambar/tabel-ba-etl-save-data-columns.png used on input line 116.
(pdftex.def)             Requested size: 236.00613pt x 205.5173pt.

Underfull \vbox (badness 10000) has occurred while \output is active []

 [46 <C:/Users/Ariq/Documents/NetBeansProjects/Skripsi-Jadwal-Mengawas-Ujian/Tulisan/Gambar/tabel-ba-etl-dericed-column-
lines.png> <C:/Users/Ariq/Documents/NetBeansProjects/Skripsi-Jadwal-Mengawas-Ujian/Tulisan/Gambar/tabel-ba-etl-lookup-fi
xed-lines.png>]
<Gambar/tabel-ba-etl-lookup-model-mappings.png, id=835, 485.56406pt x 408.77719pt>
File: Gambar/tabel-ba-etl-lookup-model-mappings.png Graphic file (type png)

<use Gambar/tabel-ba-etl-lookup-model-mappings.png>
Package pdftex.def Info: Gambar/tabel-ba-etl-lookup-model-mappings.png used on input line 124.
(pdftex.def)             Requested size: 242.78143pt x 204.38809pt.

<Gambar/tabel-ba-etl-merge-columns1.png, id=836, 411.78844pt x 411.03563pt>
File: Gambar/tabel-ba-etl-merge-columns1.png Graphic file (type png)

<use Gambar/tabel-ba-etl-merge-columns1.png>
Package pdftex.def Info: Gambar/tabel-ba-etl-merge-columns1.png used on input line 132.
(pdftex.def)             Requested size: 205.8937pt x 205.5173pt.

Underfull \vbox (badness 10000) has occurred while \output is active []

 [47 <C:/Users/Ariq/Documents/NetBeansProjects/Skripsi-Jadwal-Mengawas-Ujian/Tulisan/Gambar/tabel-ba-etl-save-data-colum
ns.png> <C:/Users/Ariq/Documents/NetBeansProjects/Skripsi-Jadwal-Mengawas-Ujian/Tulisan/Gambar/tabel-ba-etl-lookup-model
-mappings.png>]
<Gambar/tabel-ba-etl-merge-columns2.png, id=843, 414.04688pt x 408.77719pt>
File: Gambar/tabel-ba-etl-merge-columns2.png Graphic file (type png)

<use Gambar/tabel-ba-etl-merge-columns2.png>
Package pdftex.def Info: Gambar/tabel-ba-etl-merge-columns2.png used on input line 140.
(pdftex.def)             Requested size: 207.02292pt x 204.38809pt.

<Gambar/tabel-ba-etl-aggregate-columns.png, id=844, 426.84468pt x 408.02437pt>
File: Gambar/tabel-ba-etl-aggregate-columns.png Graphic file (type png)

<use Gambar/tabel-ba-etl-aggregate-columns.png>
Package pdftex.def Info: Gambar/tabel-ba-etl-aggregate-columns.png used on input line 148.
(pdftex.def)             Requested size: 213.42181pt x 204.01169pt.

Underfull \vbox (badness 10000) has occurred while \output is active []

 [48 <C:/Users/Ariq/Documents/NetBeansProjects/Skripsi-Jadwal-Mengawas-Ujian/Tulisan/Gambar/tabel-ba-etl-merge-columns1.
png> <C:/Users/Ariq/Documents/NetBeansProjects/Skripsi-Jadwal-Mengawas-Ujian/Tulisan/Gambar/tabel-ba-etl-merge-columns2.
png>]
<Gambar/kode-load.png, id=851, 756.57657pt x 442.65375pt>
File: Gambar/kode-load.png Graphic file (type png)
 <use Gambar/kode-load.png>
Package pdftex.def Info: Gambar/kode-load.png used on input line 159.
(pdftex.def)             Requested size: 378.28735pt x 221.32632pt.

Underfull \hbox (badness 10000) in paragraph at lines 156--161

 []

<Gambar/kode-mapping.png, id=852, 467.49657pt x 447.92343pt>
File: Gambar/kode-mapping.png Graphic file (type png)
 <use Gambar/kode-mapping.png>
Package pdftex.def Info: Gambar/kode-mapping.png used on input line 165.
(pdftex.def)             Requested size: 233.74771pt x 223.96117pt.

Underfull \vbox (badness 10000) has occurred while \output is active []

 [49 <C:/Users/Ariq/Documents/NetBeansProjects/Skripsi-Jadwal-Mengawas-Ujian/Tulisan/Gambar/tabel-ba-etl-aggregate-colum
ns.png> <C:/Users/Ariq/Documents/NetBeansProjects/Skripsi-Jadwal-Mengawas-Ujian/Tulisan/Gambar/kode-load.png>]
<Gambar/tampilan-business.png, id=862, 1023.07219pt x 492.33937pt>
File: Gambar/tampilan-business.png Graphic file (type png)
 <use Gambar/tampilan-business.png>
Package pdftex.def Info: Gambar/tampilan-business.png used on input line 177.
(pdftex.def)             Requested size: 409.22163pt x 196.93225pt.

<Gambar/tampilan-etl-baru.png, id=863, 1026.08344pt x 499.11469pt>
File: Gambar/tampilan-etl-baru.png Graphic file (type png)
 <use Gambar/tampilan-etl-baru.png>
Package pdftex.def Info: Gambar/tampilan-etl-baru.png used on input line 188.
(pdftex.def)             Requested size: 410.4261pt x 199.64232pt.

Underfull \vbox (badness 10000) has occurred while \output is active []

 [50 <C:/Users/Ariq/Documents/NetBeansProjects/Skripsi-Jadwal-Mengawas-Ujian/Tulisan/Gambar/kode-mapping.png> <C:/Users/
Ariq/Documents/NetBeansProjects/Skripsi-Jadwal-Mengawas-Ujian/Tulisan/Gambar/tampilan-business.png>] <Gambar/tampilan-up
load-source.png, id=871, 1017.04968pt x 493.0922pt>
File: Gambar/tampilan-upload-source.png Graphic file (type png)

<use Gambar/tampilan-upload-source.png>
Package pdftex.def Info: Gambar/tampilan-upload-source.png used on input line 197.
(pdftex.def)             Requested size: 406.81267pt x 197.23338pt.
 <Gambar/tampilan-ubah-data.png, id=872, 1026.83624pt x 494.59781pt>
File: Gambar/tampilan-ubah-data.png Graphic file (type png)

<use Gambar/tampilan-ubah-data.png>
Package pdftex.def Info: Gambar/tampilan-ubah-data.png used on input line 206.
(pdftex.def)             Requested size: 410.72722pt x 197.8356pt.

Underfull \vbox (badness 10000) has occurred while \output is active []

 [51 <C:/Users/Ariq/Documents/NetBeansProjects/Skripsi-Jadwal-Mengawas-Ujian/Tulisan/Gambar/tampilan-etl-baru.png> <C:/U
sers/Ariq/Documents/NetBeansProjects/Skripsi-Jadwal-Mengawas-Ujian/Tulisan/Gambar/tampilan-upload-source.png>]
<Gambar/tampilan-menerapkan-skrip-phyton.png, id=879, 1025.33063pt x 495.35063pt>
File: Gambar/tampilan-menerapkan-skrip-phyton.png Graphic file (type png)

<use Gambar/tampilan-menerapkan-skrip-phyton.png>
Package pdftex.def Info: Gambar/tampilan-menerapkan-skrip-phyton.png used on input line 215.
(pdftex.def)             Requested size: 410.12498pt x 198.13673pt.

<Gambar/tampilan-lookup-existing-table.png, id=880, 1015.54407pt x 493.0922pt>
File: Gambar/tampilan-lookup-existing-table.png Graphic file (type png)

<use Gambar/tampilan-lookup-existing-table.png>
Package pdftex.def Info: Gambar/tampilan-lookup-existing-table.png used on input line 223.
(pdftex.def)             Requested size: 406.21043pt x 197.23338pt.

Underfull \vbox (badness 10000) has occurred while \output is active []

 [52 <C:/Users/Ariq/Documents/NetBeansProjects/Skripsi-Jadwal-Mengawas-Ujian/Tulisan/Gambar/tampilan-ubah-data.png> <C:/
Users/Ariq/Documents/NetBeansProjects/Skripsi-Jadwal-Mengawas-Ujian/Tulisan/Gambar/tampilan-menerapkan-skrip-phyton.png>
]
<Gambar/tampilan-lookup-values-below.png, id=887, 1017.04968pt x 496.85625pt>
File: Gambar/tampilan-lookup-values-below.png Graphic file (type png)

<use Gambar/tampilan-lookup-values-below.png>
Package pdftex.def Info: Gambar/tampilan-lookup-values-below.png used on input line 231.
(pdftex.def)             Requested size: 406.81267pt x 198.73897pt.
 <Gambar/tampilan-menambah-kolom.png, id=888, 1026.83624pt x 496.10344pt>
File: Gambar/tampilan-menambah-kolom.png Graphic file (type png)

<use Gambar/tampilan-menambah-kolom.png>
Package pdftex.def Info: Gambar/tampilan-menambah-kolom.png used on input line 240.
(pdftex.def)             Requested size: 410.72722pt x 198.43785pt.

Underfull \vbox (badness 10000) has occurred while \output is active []

 [53 <C:/Users/Ariq/Documents/NetBeansProjects/Skripsi-Jadwal-Mengawas-Ujian/Tulisan/Gambar/tampilan-lookup-existing-tab
le.png> <C:/Users/Ariq/Documents/NetBeansProjects/Skripsi-Jadwal-Mengawas-Ujian/Tulisan/Gambar/tampilan-lookup-values-be
low.png>]
<Gambar/tampilan-merge.png, id=895, 1012.5328pt x 491.58656pt>
File: Gambar/tampilan-merge.png Graphic file (type png)
 <use Gambar/tampilan-merge.png>
Package pdftex.def Info: Gambar/tampilan-merge.png used on input line 250.
(pdftex.def)             Requested size: 405.00595pt x 196.63113pt.

<Gambar/tampilan-sort-data.png, id=896, 1026.83624pt x 492.33937pt>
File: Gambar/tampilan-sort-data.png Graphic file (type png)
 <use Gambar/tampilan-sort-data.png>
Package pdftex.def Info: Gambar/tampilan-sort-data.png used on input line 258.
(pdftex.def)             Requested size: 410.72722pt x 196.93225pt.

Underfull \vbox (badness 10000) has occurred while \output is active []

 [54 <C:/Users/Ariq/Documents/NetBeansProjects/Skripsi-Jadwal-Mengawas-Ujian/Tulisan/Gambar/tampilan-menambah-kolom.png>
 <C:/Users/Ariq/Documents/NetBeansProjects/Skripsi-Jadwal-Mengawas-Ujian/Tulisan/Gambar/tampilan-merge.png>]
<Gambar/tampilan-agregat.png, id=903, 1024.57782pt x 489.32813pt>
File: Gambar/tampilan-agregat.png Graphic file (type png)
 <use Gambar/tampilan-agregat.png>
Package pdftex.def Info: Gambar/tampilan-agregat.png used on input line 266.
(pdftex.def)             Requested size: 409.82387pt x 195.72777pt.

<Gambar/tampilan-simpan-database.png, id=904, 1013.28563pt x 493.0922pt>
File: Gambar/tampilan-simpan-database.png Graphic file (type png)
 <use Gambar/tampilan-simpan-database.png>
Package pdftex.def Info: Gambar/tampilan-simpan-database.png used on input line 275.
(pdftex.def)             Requested size: 405.30708pt x 197.23338pt.

Underfull \vbox (badness 10000) has occurred while \output is active []

 [55 <C:/Users/Ariq/Documents/NetBeansProjects/Skripsi-Jadwal-Mengawas-Ujian/Tulisan/Gambar/tampilan-sort-data.png> <C:/
Users/Ariq/Documents/NetBeansProjects/Skripsi-Jadwal-Mengawas-Ujian/Tulisan/Gambar/tampilan-agregat.png>]
Underfull \hbox (badness 10000) in paragraph at lines 288--288
[]|\T1/cmr/m/n/10.95 MARITAL
 []


Underfull \hbox (badness 10000) in paragraph at lines 288--288
[]|\T1/cmr/m/n/10.95 INCOME
 []


Overfull \hbox (7.39798pt too wide) in paragraph at lines 286--309
 [][] 
 []


Underfull \hbox (badness 10000) in paragraph at lines 322--322
[]|\T1/cmr/m/n/10.95 Berhasil Me-la-
 []


Underfull \hbox (badness 10000) in paragraph at lines 322--322
\T1/cmr/m/n/10.95 kuk-an \T1/cmr/m/it/10.95 uplo-ad
 []


Underfull \hbox (badness 10000) in paragraph at lines 322--322
[]|\T1/cmr/m/n/10.95 Berhasil Me-la-
 []


Underfull \hbox (badness 10000) in paragraph at lines 322--322
\T1/cmr/m/n/10.95 kuk-an \T1/cmr/m/it/10.95 uplo-ad
 []


Underfull \hbox (badness 10000) in paragraph at lines 323--323
[]|\T1/cmr/m/n/10.95 Data ter-sor-ting
 []


Underfull \hbox (badness 10000) in paragraph at lines 323--323
\T1/cmr/m/n/10.95 ber-da-sark-an
 []


Underfull \hbox (badness 10000) in paragraph at lines 323--323
\T1/cmr/m/it/10.95 bran-chco-de \T1/cmr/m/n/10.95 dan
 []


Underfull \hbox (badness 10000) in paragraph at lines 323--323
[]|\T1/cmr/m/n/10.95 Data ter-sor-ting
 []


Underfull \hbox (badness 10000) in paragraph at lines 323--323
\T1/cmr/m/n/10.95 ber-da-sark-an
 []


Underfull \hbox (badness 10000) in paragraph at lines 323--323
\T1/cmr/m/it/10.95 bran-chco-de \T1/cmr/m/n/10.95 dan
 []


Underfull \hbox (badness 4429) in paragraph at lines 324--324
[]|\T1/cmr/m/n/10.95 Hitung rata-rata
 []


Underfull \hbox (badness 1168) in paragraph at lines 325--325
[]|\T1/cmr/m/n/10.95 Umur te-lah ber-
 []


Underfull \hbox (badness 1270) in paragraph at lines 326--326
[]|\T1/cmr/m/n/10.95 Ubah je-nis ke-la-
 []


Underfull \hbox (badness 10000) in paragraph at lines 326--326
[]|\T1/cmr/m/n/10.95 Jenis ke-la-min
 []


Underfull \hbox (badness 2277) in paragraph at lines 327--327
[]|\T1/cmr/m/n/10.95 Simpan ha-sil ke
 []

[56 <C:/Users/Ariq/Documents/NetBeansProjects/Skripsi-Jadwal-Mengawas-Ujian/Tulisan/Gambar/tampilan-simpan-database.png>
]) [57] (C:\Users\Ariq\Documents\NetBeansProjects\Skripsi-Jadwal-Mengawas-Ujian\Tulisan\Bab/bab6.tex [58



]
Bab 6.
) [59]
No file Bab/bab7.tex.
No file Bab/bab8.tex.
No file Bab/bab9.tex.
(C:\Users\Ariq\Documents\NetBeansProjects\Skripsi-Jadwal-Mengawas-Ujian\Tulisan\main.bbl [60








]
LaTeX Font Info:    Try loading font information for T1+cmtt on input line 8.

("C:\Program Files (x86)\MiKTeX 2.9\tex\latex\base\t1cmtt.fd"
File: t1cmtt.fd 1999/05/25 v2.5h Standard LaTeX font definitions
)) [61]
(C:\Users\Ariq\Documents\NetBeansProjects\Skripsi-Jadwal-Mengawas-Ujian\Tulisan\Lampiran/lampA.tex [62


]
Lampiran A.
<Gambar/appxa2.pdf, id=954, 319.56189pt x 418.09pt>
File: Gambar/appxa2.pdf Graphic file (type pdf)
 <use Gambar/appxa2.pdf>
Package pdftex.def Info: Gambar/appxa2.pdf used on input line 8.
(pdftex.def)             Requested size: 319.5611pt x 418.08896pt.
 [63 <C:/Users/Ariq/Documents/NetBeansProjects/Skripsi-Jadwal-Mengawas-Ujian/Tulisan/Gambar/appxa2.pdf>]) [64]
(C:\Users\Ariq\Documents\NetBeansProjects\Skripsi-Jadwal-Mengawas-Ujian\Tulisan\Lampiran/lampB.tex
Lampiran B.
(C:\Users\Ariq\AppData\Roaming\MiKTeX\2.9\tex\latex\listings\lstlang1.sty
File: lstlang1.sty 2014/09/06 1.5e listings language file
)
LaTeX Font Info:    Font shape `OMS/cmr/m/n' in size <6> not available
(Font)              Font shape `OMS/cmsy/m/n' tried instead on input line 19.
) [65



]
(C:\Users\Ariq\Documents\NetBeansProjects\Skripsi-Jadwal-Mengawas-Ujian\Tulisan\Lampiran/lampC.tex [66



]
Lampiran C.
) [67] (C:\Users\Ariq\Documents\NetBeansProjects\Skripsi-Jadwal-Mengawas-Ujian\Tulisan\Lampiran/lampD.tex)
(C:\Users\Ariq\Documents\NetBeansProjects\Skripsi-Jadwal-Mengawas-Ujian\Tulisan\Lampiran/lampE.tex)
(C:\Users\Ariq\Documents\NetBeansProjects\Skripsi-Jadwal-Mengawas-Ujian\Tulisan\Lampiran/lampF.tex)
(C:\Users\Ariq\Documents\NetBeansProjects\Skripsi-Jadwal-Mengawas-Ujian\Tulisan\Lampiran/lampG.tex)
(C:\Users\Ariq\Documents\NetBeansProjects\Skripsi-Jadwal-Mengawas-Ujian\Tulisan\Lampiran/lampH.tex)
(C:\Users\Ariq\Documents\NetBeansProjects\Skripsi-Jadwal-Mengawas-Ujian\Tulisan\Lampiran/lampI.tex)
Package atveryend Info: Empty hook `BeforeClearDocument' on input line 513.
Package atveryend Info: Empty hook `AfterLastShipout' on input line 513.

(C:\Users\Ariq\Documents\NetBeansProjects\Skripsi-Jadwal-Mengawas-Ujian\Tulisan\main.aux
(C:\Users\Ariq\Documents\NetBeansProjects\Skripsi-Jadwal-Mengawas-Ujian\Tulisan\Bab/bab1.aux)
(C:\Users\Ariq\Documents\NetBeansProjects\Skripsi-Jadwal-Mengawas-Ujian\Tulisan\Bab/bab2.aux)
(C:\Users\Ariq\Documents\NetBeansProjects\Skripsi-Jadwal-Mengawas-Ujian\Tulisan\Bab/bab3.aux)
(C:\Users\Ariq\Documents\NetBeansProjects\Skripsi-Jadwal-Mengawas-Ujian\Tulisan\Bab/bab4.aux)
(C:\Users\Ariq\Documents\NetBeansProjects\Skripsi-Jadwal-Mengawas-Ujian\Tulisan\Bab/bab5.aux)
(C:\Users\Ariq\Documents\NetBeansProjects\Skripsi-Jadwal-Mengawas-Ujian\Tulisan\Bab/bab6.aux)
(C:\Users\Ariq\Documents\NetBeansProjects\Skripsi-Jadwal-Mengawas-Ujian\Tulisan\Bab/bab7.aux)
(C:\Users\Ariq\Documents\NetBeansProjects\Skripsi-Jadwal-Mengawas-Ujian\Tulisan\Bab/bab8.aux)
(C:\Users\Ariq\Documents\NetBeansProjects\Skripsi-Jadwal-Mengawas-Ujian\Tulisan\Bab/bab9.aux)
(C:\Users\Ariq\Documents\NetBeansProjects\Skripsi-Jadwal-Mengawas-Ujian\Tulisan\Lampiran/lampA.aux)
(C:\Users\Ariq\Documents\NetBeansProjects\Skripsi-Jadwal-Mengawas-Ujian\Tulisan\Lampiran/lampB.aux)
(C:\Users\Ariq\Documents\NetBeansProjects\Skripsi-Jadwal-Mengawas-Ujian\Tulisan\Lampiran/lampC.aux)
(C:\Users\Ariq\Documents\NetBeansProjects\Skripsi-Jadwal-Mengawas-Ujian\Tulisan\Lampiran/lampD.aux)
(C:\Users\Ariq\Documents\NetBeansProjects\Skripsi-Jadwal-Mengawas-Ujian\Tulisan\Lampiran/lampE.aux)
(C:\Users\Ariq\Documents\NetBeansProjects\Skripsi-Jadwal-Mengawas-Ujian\Tulisan\Lampiran/lampF.aux)
(C:\Users\Ariq\Documents\NetBeansProjects\Skripsi-Jadwal-Mengawas-Ujian\Tulisan\Lampiran/lampG.aux)
(C:\Users\Ariq\Documents\NetBeansProjects\Skripsi-Jadwal-Mengawas-Ujian\Tulisan\Lampiran/lampH.aux)
(C:\Users\Ariq\Documents\NetBeansProjects\Skripsi-Jadwal-Mengawas-Ujian\Tulisan\Lampiran/lampI.aux))
Package atveryend Info: Executing hook `AtVeryEndDocument' on input line 513.
Package atveryend Info: Executing hook `AtEndAfterFileList' on input line 513.
Package rerunfilecheck Info: File `main.out' has not changed.
(rerunfilecheck)             Checksum: 89B6B1C9C03C4AFDF67210FA92AD5A1A;8925.
 ) 
Here is how much of TeX's memory you used:
 14835 strings out of 493921
 216354 string characters out of 3144880
 643346 words of memory out of 3000000
 17306 multiletter control sequences out of 15000+200000
 22806 words of font info for 51 fonts, out of 3000000 for 9000
 845 hyphenation exceptions out of 8191
 45i,11n,44p,897b,1150s stack positions out of 5000i,500n,10000p,200000b,50000s
 <C:\Users\Ariq\AppData\Local\MiKTeX\2.9\fonts\pk\ljfour\jknappen\ec\dpi600\ecbx0600.pk> <C:\Users\Ariq\AppData\Local\
MiKTeX\2.9\fonts\pk\ljfour\jknappen\ec\dpi600\ectt1095.pk> <C:\Users\Ariq\AppData\Local\MiKTeX\2.9\fonts\pk\ljfour\jknap
pen\ec\dpi600\ecbi1200.pk> <C:\Users\Ariq\AppData\Local\MiKTeX\2.9\fonts\pk\ljfour\jknappen\ec\dpi600\ecrm0900.pk> <C:\U
sers\Ariq\AppData\Local\MiKTeX\2.9\fonts\pk\ljfour\jknappen\ec\dpi600\ecrm0600.pk> <C:\Users\Ariq\AppData\Local\MiKTeX\2
.9\fonts\pk\ljfour\jknappen\ec\dpi600\ecbi1095.pk> <C:\Users\Ariq\AppData\Local\MiKTeX\2.9\fonts\pk\ljfour\jknappen\ec\d
pi600\ecbx1200.pk> <C:\Users\Ariq\AppData\Local\MiKTeX\2.9\fonts\pk\ljfour\jknappen\ec\dpi600\ecrm0800.pk> <C:\Users\Ari
q\AppData\Local\MiKTeX\2.9\fonts\pk\ljfour\jknappen\ec\dpi600\ecbi1440.pk> <C:\Users\Ariq\AppData\Local\MiKTeX\2.9\fonts
\pk\ljfour\jknappen\ec\dpi600\eccc1000.pk> <C:\Users\Ariq\AppData\Local\MiKTeX\2.9\fonts\pk\ljfour\jknappen\ec\dpi600\ec
ss0600.pk> <C:\Users\Ariq\AppData\Local\MiKTeX\2.9\fonts\pk\ljfour\jknappen\ec\dpi600\ecxc1095.pk> <C:\Users\Ariq\AppDat
a\Local\MiKTeX\2.9\fonts\pk\ljfour\jknappen\ec\dpi600\ecti1095.pk> <C:\Users\Ariq\AppData\Local\MiKTeX\2.9\fonts\pk\ljfo
ur\jknappen\ec\dpi600\ecrm1095.pk> <C:\Users\Ariq\AppData\Local\MiKTeX\2.9\fonts\pk\ljfour\jknappen\ec\dpi600\ecbx1095.p
k> <C:\Users\Ariq\AppData\Local\MiKTeX\2.9\fonts\pk\ljfour\jknappen\ec\dpi600\ecbx1440.pk><C:/Program Files (x86)/MiKTeX
 2.9/fonts/type1/public/amsfonts/cm/cmr17.pfb><C:/Program Files (x86)/MiKTeX 2.9/fonts/type1/public/amsfonts/cm/cmsy10.p
fb><C:/Program Files (x86)/MiKTeX 2.9/fonts/type1/public/amsfonts/cm/cmsy6.pfb>
Output written on main.pdf (79 pages, 2993808 bytes).
PDF statistics:
 1871 PDF objects out of 2073 (max. 8388607)
 446 named destinations out of 1000 (max. 500000)
 626 words of extra memory for PDF output out of 10000 (max. 10000000)

